<?xml version="1.0" encoding="UTF-8"?>
<testsuites name="file_upload" time="13.888" tests="1" failures="0" errors="0">
   <testsuite name="file_upload" tests="1" failures="0" errors="0" time="13.888" skipped="0" timestamp="2023-05-30 20:07:11" hostname="sepdwita - localhost" id="Test Suites/file_upload">
      <properties>
         <property name="deviceName" value=""/>
         <property name="devicePlatform" value=""/>
         <property name="logFolder" value="/Users/cinte/git/Katalon_Upload_file/Reports/20230530_200704/file_upload/20230530_200704"/>
         <property name="logFiles" value="/Users/cinte/git/Katalon_Upload_file/Reports/20230530_200704/file_upload/20230530_200704/execution0.log"/>
         <property name="attachments" value=""/>
         <property name="hostName" value="sepdwita - localhost"/>
         <property name="os" value="Mac OS X 64bit"/>
         <property name="katalonVersion" value="8.6.0.208"/>
         <property name="browser" value="Chrome 113.0.0.0"/>
         <property name="hostAddress" value="127.0.0.1"/>
         <property name="sessionId" value="6a6898ee2ca0fd3e0b5535816e7f9f4a"/>
         <property name="seleniumVersion" value="3.141.59"/>
         <property name="proxyInformation" value="ProxyInformation { proxyOption=NO_PROXY, proxyServerType=HTTP, username=, password=********, proxyServerAddress=, proxyServerPort=0, executionList=&quot;&quot;, isApplyToDesiredCapabilities=true }"/>
         <property name="platform" value="Mac OS X"/>
      </properties>
      <testcase name="Test Cases/TC002_DrivenTestingCase" time="12.83" classname="Test Cases/TC002_DrivenTestingCase" status="PASSED">
         <system-out><![CDATA[2023-05-30 20:07:12 - [TEST_CASE][PASSED] - Test Cases/TC002_DrivenTestingCase: Test Cases/TC002_DrivenTestingCase

2023-05-30 20:07:13 - [TEST_STEP][PASSED] - openBrowser(""): Browser is opened with url: ''

2023-05-30 20:07:13 - [MESSAGE][INFO] - Starting 'Chrome' driver

2023-05-30 20:07:13 - [MESSAGE][INFO] - Action delay is set to 0 milliseconds

2023-05-30 20:07:19 - [MESSAGE][PASSED] - Browser is opened with url: ''

2023-05-30 20:07:19 - [TEST_STEP][PASSED] - navigateToUrl("http://the-internet.herokuapp.com/upload"): Navigate to 'http://the-internet.herokuapp.com/upload' successfully

2023-05-30 20:07:22 - [MESSAGE][PASSED] - Navigate to 'http://the-internet.herokuapp.com/upload' successfully

2023-05-30 20:07:22 - [TEST_STEP][PASSED] - uploadFile(findTestObject("Object Repository/TC002_DrivenTesting/Page_The Internet/input_File Uploader_file"), file): File '/Users/cinte/Rivan/testing.txt' sent to object: 'Object Repository/TC002_DrivenTesting/Page_The Internet/input_File Uploader_file'

2023-05-30 20:07:23 - [MESSAGE][PASSED] - File '/Users/cinte/Rivan/testing.txt' sent to object: 'Object Repository/TC002_DrivenTesting/Page_The Internet/input_File Uploader_file'

2023-05-30 20:07:23 - [TEST_STEP][PASSED] - click(findTestObject("Object Repository/TC002_DrivenTesting/Page_The Internet/input_File Uploader_file-submit")): Object: 'Object Repository/TC002_DrivenTesting/Page_The Internet/input_File Uploader_file-submit' is clicked on

2023-05-30 20:07:24 - [MESSAGE][PASSED] - Object: 'Object Repository/TC002_DrivenTesting/Page_The Internet/input_File Uploader_file-submit' is clicked on

2023-05-30 20:07:24 - [TEST_STEP][PASSED] - closeBrowser(): Browser is closed

2023-05-30 20:07:25 - [MESSAGE][PASSED] - Browser is closed]]></system-out>
         <system-err><![CDATA[]]></system-err>
      </testcase>
      <system-out><![CDATA[2023-05-30 20:07:11 - [TEST_SUITE][PASSED] - file_upload: Test Cases/TC002_DrivenTestingCase]]></system-out>
      <system-err><![CDATA[]]></system-err>
   </testsuite>
</testsuites>
